Build started 3/30/2015 10:21:20 PM.
     1>Project "C:\Users\mohamedtarek\Documents\GitHub\Abnormal-Detection-50\project.vcxproj" on node 2 (Build target(s)).
     1>ClCompile:
         C:\Program Files (x86)\Microsoft Visual Studio 12.0\VC\bin\CL.exe /c /ZI /nologo /W3 /WX- /Od /Oy- /D WIN32 /D _DEBUG /D _CONSOLE /D _UNICODE /D UNICODE /Gm /EHsc /RTC1 /MDd /GS /fp:precise /Zc:wchar_t /Zc:forScope /Fo"Debug\\" /Fd"Debug\vc120.pdb" /Gd /TP /analyze- /errorReport:prompt Demo.cpp featureClass.cpp package_analysis\VehicleCouting.cpp package_bgs\pt\PBAS.cpp package_bgs\pt\PixelBasedAdaptiveSegmenter.cpp package_tracking\BlobTracking.cpp package_tracking\cvblob\cvaux.cpp package_tracking\cvblob\cvblob.cpp package_tracking\cvblob\cvcolor.cpp package_tracking\cvblob\cvcontour.cpp package_tracking\cvblob\cvlabel.cpp package_tracking\cvblob\cvtrack.cpp
         cvtrack.cpp
     1>c:\users\mohamedtarek\documents\github\abnormal-detection-50\package_tracking\blobtracking.h(4): fatal error C1083: Cannot open include file: 'opencv/cv.h': No such file or directory
         cvlabel.cpp
     1>c:\users\mohamedtarek\documents\github\abnormal-detection-50\package_tracking\cvblob\cvlabel.cpp(25): fatal error C1083: Cannot open include file: 'opencv/cv.h': No such file or directory
         cvcontour.cpp
     1>c:\users\mohamedtarek\documents\github\abnormal-detection-50\package_tracking\cvblob\cvcontour.cpp(32): fatal error C1083: Cannot open include file: 'opencv/cv.h': No such file or directory
         cvcolor.cpp
     1>c:\users\mohamedtarek\documents\github\abnormal-detection-50\package_tracking\cvblob\cvcolor.cpp(25): fatal error C1083: Cannot open include file: 'opencv/cv.h': No such file or directory
         cvblob.cpp
     1>c:\users\mohamedtarek\documents\github\abnormal-detection-50\featureclass.h(2): fatal error C1083: Cannot open include file: 'opencv\cv.h': No such file or directory
         cvaux.cpp
     1>c:\users\mohamedtarek\documents\github\abnormal-detection-50\package_tracking\cvblob\cvaux.cpp(23): fatal error C1083: Cannot open include file: 'opencv/cv.h': No such file or directory
         BlobTracking.cpp
     1>c:\users\mohamedtarek\documents\github\abnormal-detection-50\package_tracking\blobtracking.h(4): fatal error C1083: Cannot open include file: 'opencv/cv.h': No such file or directory
         PixelBasedAdaptiveSegmenter.cpp
     1>c:\users\mohamedtarek\documents\github\abnormal-detection-50\package_bgs\pt\pixelbasedadaptivesegmenter.h(4): fatal error C1083: Cannot open include file: 'opencv/cv.h': No such file or directory
         PBAS.cpp
     1>c:\users\mohamedtarek\documents\github\abnormal-detection-50\package_bgs\pt\pbas.h(40): fatal error C1083: Cannot open include file: 'opencv/cv.h': No such file or directory
         VehicleCouting.cpp
     1>c:\users\mohamedtarek\documents\github\abnormal-detection-50\package_analysis\vehiclecouting.h(7): fatal error C1083: Cannot open include file: 'opencv2\core\core.hpp': No such file or directory
         featureClass.cpp
     1>c:\users\mohamedtarek\documents\github\abnormal-detection-50\featureclass.h(2): fatal error C1083: Cannot open include file: 'opencv\cv.h': No such file or directory
         Demo.cpp
     1>c:\users\mohamedtarek\documents\github\abnormal-detection-50\demo.cpp(2): fatal error C1083: Cannot open include file: 'opencv/cv.h': No such file or directory
         Generating Code...
     1>Done Building Project "C:\Users\mohamedtarek\Documents\GitHub\Abnormal-Detection-50\project.vcxproj" (Build target(s)) -- FAILED.

Build FAILED.

Time Elapsed 00:00:04.40
