Build started 3/30/2015 10:22:14 PM.
     1>Project "C:\Users\mohamedtarek\Documents\GitHub\Abnormal-Detection-50\project.vcxproj" on node 2 (Build target(s)).
     1>ClCompile:
         C:\Program Files (x86)\Microsoft Visual Studio 12.0\VC\bin\x86_amd64\CL.exe /c /IC:\opencv\build\install\include /Zi /nologo /W3 /WX- /Od /D WIN32 /D _DEBUG /D _CONSOLE /D _UNICODE /D UNICODE /Gm /EHsc /RTC1 /MDd /GS /fp:precise /Zc:wchar_t /Zc:forScope /Fo"x64\Debug\\" /Fd"x64\Debug\vc120.pdb" /Gd /TP /errorReport:prompt Demo.cpp featureClass.cpp package_analysis\VehicleCouting.cpp package_bgs\pt\PBAS.cpp package_bgs\pt\PixelBasedAdaptiveSegmenter.cpp package_tracking\BlobTracking.cpp package_tracking\cvblob\cvaux.cpp package_tracking\cvblob\cvblob.cpp package_tracking\cvblob\cvcolor.cpp package_tracking\cvblob\cvcontour.cpp package_tracking\cvblob\cvlabel.cpp package_tracking\cvblob\cvtrack.cpp
         cvtrack.cpp
     1>c:\opencv\build\install\include\opencv2\flann\logger.h(66): warning C4996: 'fopen': This function or variable may be unsafe. Consider using fopen_s instead. To disable deprecation, use _CRT_SECURE_NO_WARNINGS. See online help for details.
                 C:\Program Files (x86)\Microsoft Visual Studio 12.0\VC\include\stdio.h(211) : see declaration of 'fopen'
     1>package_tracking\cvblob\cvtrack.cpp(165): warning C4267: 'initializing' : conversion from 'size_t' to 'unsigned int', possible loss of data
     1>package_tracking\cvblob\cvtrack.cpp(166): warning C4267: 'initializing' : conversion from 'size_t' to 'unsigned int', possible loss of data
     1>package_tracking\cvblob\cvtrack.cpp(338): warning C4297: 'cvb::cvUpdateTracks' : function assumed not to throw an exception but does
                 __declspec(nothrow) or throw() was specified on the function
     1>package_tracking\cvblob\cvtrack.cpp(410): warning C4244: 'initializing' : conversion from 'double' to 'int', possible loss of data
     1>package_tracking\cvblob\cvtrack.cpp(411): warning C4244: 'initializing' : conversion from 'double' to 'int', possible loss of data
         cvlabel.cpp
     1>c:\opencv\build\install\include\opencv2\flann\logger.h(66): warning C4996: 'fopen': This function or variable may be unsafe. Consider using fopen_s instead. To disable deprecation, use _CRT_SECURE_NO_WARNINGS. See online help for details.
                 C:\Program Files (x86)\Microsoft Visual Studio 12.0\VC\include\stdio.h(211) : see declaration of 'fopen'
     1>package_tracking\cvblob\cvlabel.cpp(98): warning C4800: 'cvb::CvLabel' : forcing value to bool 'true' or 'false' (performance warning)
     1>package_tracking\cvblob\cvlabel.cpp(148): warning C4018: '<' : signed/unsigned mismatch
     1>package_tracking\cvblob\cvlabel.cpp(437): warning C4018: '<' : signed/unsigned mismatch
         cvcontour.cpp
     1>c:\opencv\build\install\include\opencv2\flann\logger.h(66): warning C4996: 'fopen': This function or variable may be unsafe. Consider using fopen_s instead. To disable deprecation, use _CRT_SECURE_NO_WARNINGS. See online help for details.
                 C:\Program Files (x86)\Microsoft Visual Studio 12.0\VC\include\stdio.h(211) : see declaration of 'fopen'
     1>package_tracking\cvblob\cvcontour.cpp(242): warning C4267: 'initializing' : conversion from 'size_t' to 'int', possible loss of data
     1>package_tracking\cvblob\cvcontour.cpp(356): warning C4267: 'initializing' : conversion from 'size_t' to 'int', possible loss of data
     1>package_tracking\cvblob\cvcontour.cpp(364): warning C4267: '=' : conversion from 'size_t' to 'int', possible loss of data
         cvcolor.cpp
     1>c:\opencv\build\install\include\opencv2\flann\logger.h(66): warning C4996: 'fopen': This function or variable may be unsafe. Consider using fopen_s instead. To disable deprecation, use _CRT_SECURE_NO_WARNINGS. See online help for details.
                 C:\Program Files (x86)\Microsoft Visual Studio 12.0\VC\include\stdio.h(211) : see declaration of 'fopen'
         cvblob.cpp
     1>c:\opencv\build\install\include\opencv2\flann\logger.h(66): warning C4996: 'fopen': This function or variable may be unsafe. Consider using fopen_s instead. To disable deprecation, use _CRT_SECURE_NO_WARNINGS. See online help for details.
                 C:\Program Files (x86)\Microsoft Visual Studio 12.0\VC\include\stdio.h(211) : see declaration of 'fopen'
     1>package_tracking\cvblob\cvblob.cpp(242): warning C4018: '>' : signed/unsigned mismatch
         cvaux.cpp
     1>c:\opencv\build\install\include\opencv2\flann\logger.h(66): warning C4996: 'fopen': This function or variable may be unsafe. Consider using fopen_s instead. To disable deprecation, use _CRT_SECURE_NO_WARNINGS. See online help for details.
                 C:\Program Files (x86)\Microsoft Visual Studio 12.0\VC\include\stdio.h(211) : see declaration of 'fopen'
         BlobTracking.cpp
     1>c:\opencv\build\install\include\opencv2\flann\logger.h(66): warning C4996: 'fopen': This function or variable may be unsafe. Consider using fopen_s instead. To disable deprecation, use _CRT_SECURE_NO_WARNINGS. See online help for details.
                 C:\Program Files (x86)\Microsoft Visual Studio 12.0\VC\include\stdio.h(211) : see declaration of 'fopen'
     1>package_tracking\BlobTracking.cpp(107): warning C4800: 'int' : forcing value to bool 'true' or 'false' (performance warning)
     1>package_tracking\BlobTracking.cpp(108): warning C4800: 'int' : forcing value to bool 'true' or 'false' (performance warning)
     1>package_tracking\BlobTracking.cpp(109): warning C4800: 'int' : forcing value to bool 'true' or 'false' (performance warning)
     1>package_tracking\BlobTracking.cpp(110): warning C4800: 'int' : forcing value to bool 'true' or 'false' (performance warning)
         PixelBasedAdaptiveSegmenter.cpp
     1>c:\opencv\build\install\include\opencv2\flann\logger.h(66): warning C4996: 'fopen': This function or variable may be unsafe. Consider using fopen_s instead. To disable deprecation, use _CRT_SECURE_NO_WARNINGS. See online help for details.
                 C:\Program Files (x86)\Microsoft Visual Studio 12.0\VC\include\stdio.h(211) : see declaration of 'fopen'
     1>package_bgs\pt\PixelBasedAdaptiveSegmenter.cpp(6): warning C4305: 'initializing' : truncation from 'double' to 'float'
     1>package_bgs\pt\PixelBasedAdaptiveSegmenter.cpp(91): warning C4800: 'int' : forcing value to bool 'true' or 'false' (performance warning)
     1>package_bgs\pt\PixelBasedAdaptiveSegmenter.cpp(92): warning C4800: 'int' : forcing value to bool 'true' or 'false' (performance warning)
     1>package_bgs\pt\PixelBasedAdaptiveSegmenter.cpp(94): warning C4244: '=' : conversion from 'double' to 'float', possible loss of data
     1>package_bgs\pt\PixelBasedAdaptiveSegmenter.cpp(95): warning C4244: '=' : conversion from 'double' to 'float', possible loss of data
     1>package_bgs\pt\PixelBasedAdaptiveSegmenter.cpp(98): warning C4244: '=' : conversion from 'double' to 'float', possible loss of data
     1>package_bgs\pt\PixelBasedAdaptiveSegmenter.cpp(101): warning C4244: '=' : conversion from 'double' to 'float', possible loss of data
     1>package_bgs\pt\PixelBasedAdaptiveSegmenter.cpp(107): warning C4800: 'int' : forcing value to bool 'true' or 'false' (performance warning)
         PBAS.cpp
     1>c:\opencv\build\install\include\opencv2\flann\logger.h(66): warning C4996: 'fopen': This function or variable may be unsafe. Consider using fopen_s instead. To disable deprecation, use _CRT_SECURE_NO_WARNINGS. See online help for details.
                 C:\Program Files (x86)\Microsoft Visual Studio 12.0\VC\include\stdio.h(211) : see declaration of 'fopen'
         VehicleCouting.cpp
     1>c:\opencv\build\install\include\opencv2\flann\logger.h(66): warning C4996: 'fopen': This function or variable may be unsafe. Consider using fopen_s instead. To disable deprecation, use _CRT_SECURE_NO_WARNINGS. See online help for details.
                 C:\Program Files (x86)\Microsoft Visual Studio 12.0\VC\include\stdio.h(211) : see declaration of 'fopen'
     1>package_analysis\VehicleCouting.cpp(21): warning C4996: 'localtime': This function or variable may be unsafe. Consider using localtime_s instead. To disable deprecation, use _CRT_SECURE_NO_WARNINGS. See online help for details.
                 C:\Program Files (x86)\Microsoft Visual Studio 12.0\VC\include\time.inl(112) : see declaration of 'localtime'
     1>package_analysis\VehicleCouting.cpp(251): warning C4244: '=' : conversion from 'double' to 'float', possible loss of data
     1>package_analysis\VehicleCouting.cpp(259): warning C4244: '=' : conversion from 'double' to 'float', possible loss of data
     1>package_analysis\VehicleCouting.cpp(324): warning C4244: '=' : conversion from 'double' to 'float', possible loss of data
     1>package_analysis\VehicleCouting.cpp(331): warning C4244: '=' : conversion from 'double' to 'float', possible loss of data
     1>package_analysis\VehicleCouting.cpp(379): warning C4244: 'argument' : conversion from 'double' to 'int', possible loss of data
     1>package_analysis\VehicleCouting.cpp(448): warning C4800: 'int' : forcing value to bool 'true' or 'false' (performance warning)
     1>package_analysis\VehicleCouting.cpp(451): warning C4800: 'int' : forcing value to bool 'true' or 'false' (performance warning)
     1>package_analysis\VehicleCouting.cpp(452): warning C4800: 'int' : forcing value to bool 'true' or 'false' (performance warning)
         featureClass.cpp
         Demo.cpp
     1>c:\opencv\build\install\include\opencv2\flann\logger.h(66): warning C4996: 'fopen': This function or variable may be unsafe. Consider using fopen_s instead. To disable deprecation, use _CRT_SECURE_NO_WARNINGS. See online help for details.
                 C:\Program Files (x86)\Microsoft Visual Studio 12.0\VC\include\stdio.h(211) : see declaration of 'fopen'
     1>Demo.cpp(47): warning C4996: 'sprintf': This function or variable may be unsafe. Consider using sprintf_s instead. To disable deprecation, use _CRT_SECURE_NO_WARNINGS. See online help for details.
                 C:\Program Files (x86)\Microsoft Visual Studio 12.0\VC\include\stdio.h(356) : see declaration of 'sprintf'
     1>Demo.cpp(118): warning C4156: deletion of an array expression without using the array form of 'delete'; array form substituted
     1>Demo.cpp(118): warning C4154: deletion of an array expression; conversion to pointer supplied
     1>Demo.cpp(119): warning C4156: deletion of an array expression without using the array form of 'delete'; array form substituted
     1>Demo.cpp(119): warning C4154: deletion of an array expression; conversion to pointer supplied
     1>Demo.cpp(120): warning C4156: deletion of an array expression without using the array form of 'delete'; array form substituted
     1>Demo.cpp(120): warning C4154: deletion of an array expression; conversion to pointer supplied
         Generating Code...
     1>c:\users\mohamedtarek\documents\github\abnormal-detection-50\package_tracking\cvblob\cvcolor.cpp(102): warning C4715: 'cvBlobMeanColor' : not all control paths return a value
     1>c:\users\mohamedtarek\documents\github\abnormal-detection-50\package_tracking\cvblob\cvcontour.cpp(178): warning C4715: 'cvContourPolygonArea' : not all control paths return a value
     1>c:\users\mohamedtarek\documents\github\abnormal-detection-50\package_tracking\cvblob\cvcontour.cpp(200): warning C4715: 'cvContourChainCodePerimeter' : not all control paths return a value
     1>c:\users\mohamedtarek\documents\github\abnormal-detection-50\package_tracking\cvblob\cvcontour.cpp(217): warning C4715: 'cvContourPolygonPerimeter' : not all control paths return a value
     1>c:\users\mohamedtarek\documents\github\abnormal-detection-50\package_tracking\cvblob\cvcontour.cpp(235): warning C4715: 'cvContourPolygonCircularity' : not all control paths return a value
     1>c:\users\mohamedtarek\documents\github\abnormal-detection-50\package_tracking\cvblob\cvcontour.cpp(324): warning C4715: 'cvSimplifyPolygon' : not all control paths return a value
     1>c:\users\mohamedtarek\documents\github\abnormal-detection-50\package_tracking\cvblob\cvcontour.cpp(378): warning C4715: 'cvPolygonContourConvexHull' : not all control paths return a value
     1>c:\users\mohamedtarek\documents\github\abnormal-detection-50\package_tracking\cvblob\cvcontour.cpp(124): warning C4715: 'cvConvertChainCodesToPolygon' : not all control paths return a value
     1>c:\users\mohamedtarek\documents\github\abnormal-detection-50\package_tracking\cvblob\cvlabel.cpp(442): warning C4715: 'cvGetLabel' : not all control paths return a value
     1>c:\users\mohamedtarek\documents\github\abnormal-detection-50\package_tracking\cvblob\cvlabel.cpp(361): warning C4715: 'cvLabel' : not all control paths return a value
       Link:
         C:\Program Files (x86)\Microsoft Visual Studio 12.0\VC\bin\x86_amd64\link.exe /ERRORREPORT:PROMPT /OUT:"C:\Users\mohamedtarek\Documents\GitHub\Abnormal-Detection-50\x64\Debug\project.exe" /INCREMENTAL /NOLOGO /LIBPATH:C:\opencv\build\install\x64\vc12\lib opencv_calib3d249d.lib opencv_contrib249d.lib opencv_core249d.lib opencv_features2d249d.lib opencv_flann249d.lib opencv_gpu249d.lib opencv_highgui249d.lib opencv_imgproc249d.lib opencv_legacy249d.lib opencv_ml249d.lib opencv_nonfree249d.lib opencv_objdetect249d.lib opencv_ocl249d.lib opencv_photo249d.lib opencv_stitching249d.lib opencv_superres249d.lib opencv_ts249d.lib opencv_video249d.lib opencv_videostab249d.lib kernel32.lib user32.lib gdi32.lib winspool.lib comdlg32.lib advapi32.lib shell32.lib ole32.lib oleaut32.lib uuid.lib odbc32.lib odbccp32.lib /MANIFEST /MANIFESTUAC:"level='asInvoker' uiAccess='false'" /manifest:embed /DEBUG /PDB:"C:\Users\mohamedtarek\Documents\GitHub\Abnormal-Detection-50\x64\Debug\project.pdb" /SUBSYSTEM:CONSOLE /TLBID:1 /DYNAMICBASE /NXCOMPAT /IMPLIB:"C:\Users\mohamedtarek\Documents\GitHub\Abnormal-Detection-50\x64\Debug\project.lib" /MACHINE:X64 x64\Debug\Demo.obj
         x64\Debug\featureClass.obj
         x64\Debug\VehicleCouting.obj
         x64\Debug\PBAS.obj
         x64\Debug\PixelBasedAdaptiveSegmenter.obj
         x64\Debug\BlobTracking.obj
         x64\Debug\cvaux.obj
         x64\Debug\cvblob.obj
         x64\Debug\cvcolor.obj
         x64\Debug\cvcontour.obj
         x64\Debug\cvlabel.obj
         x64\Debug\cvtrack.obj
         project.vcxproj -> C:\Users\mohamedtarek\Documents\GitHub\Abnormal-Detection-50\x64\Debug\project.exe
     1>Done Building Project "C:\Users\mohamedtarek\Documents\GitHub\Abnormal-Detection-50\project.vcxproj" (Build target(s)).

Build succeeded.

Time Elapsed 00:00:26.12
